"../../../Engine/Plugins/2D/Paper2D/Content/DefaultSpriteMaterial.uasset" 0
"../../../Engine/Plugins/2D/Paper2D/Content/TranslucentUnlitSpriteMaterial.uasset" 1
"../../../CJJsMonster/Content/2DSideScrollerBP/Art/Character/cjj_idle_spritesheet.uasset" 2
"../../../CJJsMonster/Content/2DSideScrollerBP/Art/Character/cjj_idle_spritesheet_Sprite_4.uasset" 3
"../../../CJJsMonster/Content/2DSideScrollerBP/Art/ENV/Platforms/Tiles.uasset" 4
"../../../CJJsMonster/Content/2DSideScrollerBP/Art/ENV/Platforms/Tiles_Sprite_15.uasset" 5
"../../../Engine/Content/EditorBlueprintResources/StandardMacros.uasset" 6
"../../../CJJsMonster/Content/2DSideScrollerBP/Art/Character/cjj_idle_spritesheet_Sprite_0.uasset" 7
"../../../CJJsMonster/Content/2DSideScrollerBP/Art/Character/cjj_idle_spritesheet_Sprite_1.uasset" 8
"../../../CJJsMonster/Content/2DSideScrollerBP/Art/Character/cjj_idle_spritesheet_Sprite_2.uasset" 9
"../../../CJJsMonster/Content/2DSideScrollerBP/Art/Character/cjj_idle_spritesheet_Sprite_3.uasset" 10
"../../../CJJsMonster/Content/2DSideScrollerBP/Art/Character/Animations/cjj_idle_animation.uasset" 11
"../../../CJJsMonster/Content/2DSideScrollerBP/Art/Character/run_cycle2_unmarked.uasset" 12
"../../../CJJsMonster/Content/2DSideScrollerBP/Art/Character/Run_1.uasset" 13
"../../../CJJsMonster/Content/2DSideScrollerBP/Art/Character/Run_2.uasset" 14
"../../../CJJsMonster/Content/2DSideScrollerBP/Art/Character/Run_3.uasset" 15
"../../../CJJsMonster/Content/2DSideScrollerBP/Art/Character/Run_4.uasset" 16
"../../../CJJsMonster/Content/2DSideScrollerBP/Art/Character/Run_5.uasset" 17
"../../../CJJsMonster/Content/2DSideScrollerBP/Art/Character/Run_6.uasset" 18
"../../../CJJsMonster/Content/2DSideScrollerBP/Art/Character/Run_7.uasset" 19
"../../../CJJsMonster/Content/2DSideScrollerBP/Art/Character/Animations/CJJ_Run.uasset" 20
"../../../CJJsMonster/Content/2DSideScrollerBP/Art/Character/Animations/CJJ_Stand.uasset" 21
"../../../CJJsMonster/Content/2DSideScrollerBP/Art/Character/CharacterStates.uasset" 22
"../../../CJJsMonster/Content/2DSideScrollerBP/UI/Heads_Up_Display.uasset" 23
"../../../CJJsMonster/Content/2DSideScrollerBP/UI/InstructionHUD2.uasset" 24
"../../../CJJsMonster/Content/2DSideScrollerBP/Blueprints/SaveGame.uasset" 25
"../../../CJJsMonster/Content/2DSideScrollerBP/UI/PauseMenu.uasset" 26
"../../../CJJsMonster/Content/2DSideScrollerBP/Blueprints/CJJPawn.uasset" 27
"../../../CJJsMonster/Content/2DSideScrollerBP/Art/ENV/Platforms/candy_platforms.uasset" 28
"../../../CJJsMonster/Content/2DSideScrollerBP/Art/ENV/Platforms/VerticalDumDum.uasset" 29
"../../../CJJsMonster/Content/2DSideScrollerBP/Blueprints/Platforms/Vertical/VerticalDumDumBP.uasset" 30
"../../../CJJsMonster/Content/2DSideScrollerBP/Art/ENV/Platforms/VerticalL.uasset" 31
"../../../CJJsMonster/Content/2DSideScrollerBP/Blueprints/Platforms/Vertical/VerticalLBP.uasset" 32
"../../../CJJsMonster/Content/2DSideScrollerBP/Art/ENV/Platforms/VerticalLolli.uasset" 33
"../../../CJJsMonster/Content/2DSideScrollerBP/Blueprints/Platforms/Vertical/VerticalLolliBP.uasset" 34
"../../../CJJsMonster/Content/2DSideScrollerBP/Art/ENV/Platforms/VerticalOffsetT.uasset" 35
"../../../CJJsMonster/Content/2DSideScrollerBP/Blueprints/Platforms/Vertical/VerticalOffsetTBP.uasset" 36
"../../../CJJsMonster/Content/2DSideScrollerBP/CustomClasses/PhysicsObject.uasset" 37
"../../../Engine/Content/Functions/Engine_MaterialFunctions01/Opacity/CameraDepthFade.uasset" 38
"../../../Engine/Content/EngineMaterials/T_Default_Material_Grid_M.uasset" 39
"../../../Engine/Content/EngineMaterials/T_Default_Material_Grid_N.uasset" 40
"../../../Engine/Content/EngineMaterials/DefaultMaterial.uasset" 41
"../../../Engine/Content/BasicShapes/Cone.uasset" 42
"../../../Engine/Content/EngineMaterials/WorldGridMaterial.uasset" 43
"../../../Engine/Content/BasicShapes/Cube.uasset" 44
"../../../Engine/Content/BasicShapes/Cylinder.uasset" 45
"../../../Engine/Content/BasicShapes/Plane.uasset" 46
"../../../Engine/Content/BasicShapes/Sphere.uasset" 47
"../../../Engine/Content/EditorLandscapeResources/DataLayer.uasset" 48
"../../../Engine/Content/EditorMaterials/GizmoMaterial.uasset" 49
"../../../Engine/Content/EditorMaterials/MAT_Groups_Toggle.uasset" 50
"../../../Engine/Content/EditorMaterials/MAT_Groups_Visibility.uasset" 51
"../../../Engine/Content/EditorMaterials/PreviewShadowIndicator.uasset" 52
"../../../Engine/Content/EditorMaterials/PreviewShadowIndicatorMaterial.uasset" 53
"../../../Engine/Content/EditorMaterials/MatineeGroups/MAT_ColorTrack.uasset" 54
"../../../Engine/Content/EditorMaterials/MatineeGroups/MAT_Groups_Anim.uasset" 55
"../../../Engine/Content/EditorMaterials/MatineeGroups/MAT_Groups_AudioMaster.uasset" 56
"../../../Engine/Content/EditorMaterials/MatineeGroups/MAT_Groups_Director.uasset" 57
"../../../Engine/Content/EditorMaterials/MatineeGroups/MAT_Groups_Event.uasset" 58
"../../../Engine/Content/EditorMaterials/MatineeGroups/MAT_Groups_Fade.uasset" 59
"../../../Engine/Content/EditorMaterials/MatineeGroups/MAT_Groups_Float.uasset" 60
"../../../Engine/Content/EditorMaterials/MatineeGroups/MAT_Groups_Move.uasset" 61
"../../../Engine/Content/EditorMaterials/MatineeGroups/MAT_Groups_Slomo.uasset" 62
"../../../Engine/Content/EditorMaterials/MatineeGroups/MAT_Groups_Sound.uasset" 63
"../../../Engine/Content/EditorMaterials/MatineeGroups/MAT_Groups_Vector.uasset" 64
"../../../Engine/Content/EditorMaterials/ParticleSystems/PSysThumbnail_NoImage.uasset" 65
"../../../Engine/Content/EditorMaterials/ParticleSystems/PSysThumbnail_OOD.uasset" 66
"../../../Engine/Content/EditorMaterials/Camera/CineMat.uasset" 67
"../../../Engine/Content/EditorMaterials/Camera/MI_CineMat_Rig.uasset" 68
"../../../Engine/Content/EditorMeshes/Camera/SM_CraneRig_Arm.uasset" 69
"../../../Engine/Content/EditorMeshes/Camera/SM_CraneRig_Base.uasset" 70
"../../../Engine/Content/EditorMeshes/Camera/SM_CraneRig_Body.uasset" 71
"../../../Engine/Content/EditorMeshes/Camera/SM_CraneRig_Mount.uasset" 72
"../../../Engine/Content/EditorMeshes/Camera/SM_RailRig_Mount.uasset" 73
"../../../Engine/Content/EditorMeshes/Camera/SM_RailRig_Track.uasset" 74
"../../../Engine/Content/EditorMeshes/ColorCalibrator/M_ChromeBall.uasset" 75
"../../../Engine/Content/EditorMeshes/ColorCalibrator/M_ClearCoat.uasset" 76
"../../../Engine/Content/EditorMeshes/ColorCalibrator/M_ClearCoatBlack.uasset" 77
"../../../Engine/Content/EditorMeshes/ColorCalibrator/Color_checker.uasset" 78
"../../../Engine/Content/EditorMeshes/ColorCalibrator/M_ColorGrid.uasset" 79
"../../../Engine/Content/EditorMeshes/ColorCalibrator/M_GreyBall.uasset" 80
"../../../Engine/Content/EditorMeshes/ColorCalibrator/SM_ColorCalibrator.uasset" 81
"../../../Engine/Content/EditorResources/BSPVertex.uasset" 82
"../../../Engine/Content/EditorResources/EmptyActor.uasset" 83
"../../../Engine/Content/EditorResources/S_Actor.uasset" 84
"../../../Engine/Content/EditorResources/S_Trigger.uasset" 85
"../../../Engine/Content/EditorResources/SequenceRecorder/Countdown.uasset" 86
"../../../Engine/Content/EditorResources/SequenceRecorder/RecordingIndicator.uasset" 87
"../../../Engine/Content/EditorSounds/Notifications/CompileFailed.uasset" 88
"../../../Engine/Content/EditorSounds/Notifications/CompileFailed_Cue.uasset" 89
"../../../Engine/Content/EditorSounds/Notifications/CompileSuccess.uasset" 90
"../../../Engine/Content/EditorSounds/Notifications/CompileStart_Cue.uasset" 91
"../../../Engine/Content/EditorSounds/Notifications/CompileSuccess_Cue.uasset" 92
"../../../Engine/Content/EngineDamageTypes/DmgTypeBP_Environmental.uasset" 93
"../../../Engine/Content/EngineDebugMaterials/HeatmapGradient.uasset" 94
"../../../Engine/Content/EngineDebugMaterials/BoneWeightMaterial.uasset" 95
"../../../Engine/Content/EngineDebugMaterials/ClothMaterial.uasset" 96
"../../../Engine/Content/EngineDebugMaterials/ClothMaterial_WF.uasset" 97
"../../../Engine/Content/EngineDebugMaterials/DebugEditorMaterial.uasset" 98
"../../../Engine/Content/EngineDebugMaterials/DebugMeshMaterial.uasset" 99
"../../../Engine/Content/EngineDebugMaterials/GeomMaterial.uasset" 100
"../../../Engine/Content/EngineFonts/Faces/RobotoBold.uasset" 101
"../../../Engine/Content/EngineFonts/Faces/RobotoBoldItalic.uasset" 102
"../../../Engine/Content/EngineFonts/Faces/RobotoItalic.uasset" 103
"../../../Engine/Content/EngineFonts/Faces/RobotoLight.uasset" 104
"../../../Engine/Content/EngineFonts/Faces/RobotoRegular.uasset" 105
"../../../Engine/Content/EngineFonts/Roboto.uasset" 106
"../../../Engine/Content/EngineFonts/Faces/RobotoTiny.uasset" 107
"../../../Engine/Content/EngineFonts/RobotoTiny.uasset" 108
"../../../Engine/Content/EngineMaterials/DefaultBloomKernel.uasset" 109
"../../../Engine/Content/EngineMaterials/DefaultBokeh.uasset" 110
"../../../Engine/Content/EngineMaterials/DefaultDiffuse.uasset" 111
"../../../Engine/Content/EngineMaterials/DefaultDeferredDecalMaterial.uasset" 112
"../../../Engine/Content/EngineMaterials/DefaultLightFunctionMaterial.uasset" 113
"../../../Engine/Content/EngineMaterials/DefaultPhysicalMaterial.uasset" 114
"../../../Engine/Content/Functions/Engine_MaterialFunctions02/Utility/BreakOutFloat2Components.uasset" 115
"../../../Engine/Content/EngineMaterials/DefaultPostProcessMaterial.uasset" 116
"../../../Engine/Content/EngineFonts/RobotoDistanceField.uasset" 117
"../../../Engine/Content/EngineMaterials/DefaultTextMaterialOpaque.uasset" 118
"../../../Engine/Content/EngineMaterials/DefaultWhiteGrid.uasset" 119
"../../../Engine/Content/EngineMaterials/EditorBrushMaterial.uasset" 120
"../../../Engine/Content/EngineMaterials/Good64x64TilingNoiseHighFreq.uasset" 121
"../../../Engine/Content/EngineMaterials/MiniFont.uasset" 122
"../../../Engine/Content/EngineMaterials/InvalidLightmapSettings.uasset" 123
"../../../Engine/Content/EngineMaterials/M_InvalidLightmapSettings.uasset" 124
"../../../Engine/Content/Functions/Engine_MaterialFunctions02/WorldPositionOffset/CameraOffset.uasset" 125
"../../../Engine/Content/EngineMaterials/PhAT_JointLimitMaterial.uasset" 126
"../../../Engine/Content/EngineMaterials/PreintegratedSkinBRDF.uasset" 127
"../../../Engine/Content/EngineMaterials/RemoveSurfaceMaterial.uasset" 128
"../../../Engine/Content/EngineMaterials/WeightMapPlaceholderTexture.uasset" 129
"../../../Engine/Content/EngineResources/WhiteSquareTexture.uasset" 130
"../../../Engine/Content/EngineMaterials/Widget3DPassThrough.uasset" 131
"../../../Engine/Content/EngineMaterials/Widget3DPassThrough_Masked.uasset" 132
"../../../Engine/Content/EngineMaterials/Widget3DPassThrough_Opaque.uasset" 133
"../../../Engine/Content/EngineMaterials/Widget3DPassThrough_Masked_OneSided.uasset" 134
"../../../Engine/Content/EngineMaterials/Widget3DPassThrough_Opaque_OneSided.uasset" 135
"../../../Engine/Content/EngineMaterials/Widget3DPassThrough_Translucent.uasset" 136
"../../../Engine/Content/EngineMaterials/Widget3DPassThrough_Translucent_OneSided.uasset" 137
"../../../Engine/Content/EngineMeshes/Cube.uasset" 138
"../../../Engine/Content/EngineMeshes/Cylinder.uasset" 139
"../../../Engine/Content/EngineMeshes/Sphere.uasset" 140
"../../../Engine/Content/EngineResources/Black.uasset" 141
"../../../Engine/Content/EngineResources/DefaultTexture.uasset" 142
"../../../Engine/Content/EngineResources/DefaultTextureCube.uasset" 143
"../../../Engine/Content/EngineResources/GradientTexture0.uasset" 144
"../../../Engine/Content/EngineSounds/Master.uasset" 145
"../../../Engine/Content/Functions/Engine_MaterialFunctions01/Shading/ConvertFromDiffSpec.uasset" 146
"../../../Engine/Content/Functions/Engine_MaterialFunctions01/Shading/PowerToRoughness.uasset" 147
"../../../Engine/Content/Maps/Templates/Thumbnails/Default.uasset" 148
"../../../Engine/Content/Maps/Templates/Thumbnails/VR-Basic.uasset" 149
"../../../Engine/Content/MobileResources/T_MobileControls_texture.uasset" 150
"../../../Engine/Content/MobileResources/T_MobileMenu2.uasset" 151
"../../../Engine/Content/MobileResources/HUD/AnalogHat.uasset" 152
"../../../Engine/Content/MobileResources/HUD/VirtualJoystick_Background.uasset" 153
"../../../Engine/Content/MobileResources/HUD/VirtualJoystick_Thumb.uasset" 154
"../../../Engine/Content/MobileResources/HUD/DefaultVirtualJoysticks.uasset" 155
"../../../Engine/Content/MobileResources/HUD/LeftVirtualJoystickOnly.uasset" 156
"../../../Engine/Content/MobileResources/HUD/MobileHUDButton1_off.uasset" 157
"../../../Engine/Content/MobileResources/HUD/MobileHUDButton1_on.uasset" 158
"../../../Engine/Content/MobileResources/HUD/MobileHUDButton2_off.uasset" 159
"../../../Engine/Content/MobileResources/HUD/MobileHUDButton2_on.uasset" 160
"../../../Engine/Content/MobileResources/HUD/MobileHUDButton3.uasset" 161
"../../../Engine/Content/MobileResources/HUD/MobileHUDButtonFire.uasset" 162
"../../../Engine/Content/MobileResources/HUD/MobileHUDDirectionPad.uasset" 163
"../../../Engine/Content/MobileResources/HUD/MobileHUDDirectionPad2.uasset" 164
"../../../Engine/Content/MobileResources/HUD/MobileHUDDirectionPad3.uasset" 165
"../../../Engine/Content/MobileResources/HUD/MobileHUDDirectionStick.uasset" 166
"../../../Engine/Content/MobileResources/HUD/T_Castle_ThumbstickInner.uasset" 167
"../../../Engine/Content/MobileResources/HUD/T_Castle_ThumbstickOutter.uasset" 168
"../../../Engine/Content/Tutorial/ContentIntroCurve.uasset" 169
"../../../Engine/Content/Tutorial/Basics/TutorialAssets/icon_tab_Levels_40x.uasset" 170
"../../../Engine/Content/Tutorial/BlueprintTutorials/TutorialAssets/BlueprintInterface_64x.uasset" 171
"../../../Engine/Content/Tutorial/BlueprintTutorials/TutorialAssets/BlueprintMacroLibrary_64x.uasset" 172
"../../../Engine/Content/Tutorial/BlueprintTutorials/TutorialAssets/Blueprint_64x.uasset" 173
"../../../Engine/Content/Tutorial/BlueprintTutorials/TutorialAssets/Tutorial_BP_Interface.uasset" 174
"../../../Engine/Content/Tutorial/Foliage/TutorialAssets/Foliage.uasset" 175
"../../../Engine/Content/Tutorial/Landscape/TutorialAssets/Landscape.uasset" 176
"../../../Engine/Content/Tutorial/Paper2D/TutorialAssets/Paper2DFlipbook_TutorialIcon.uasset" 177
"../../../Engine/Content/Tutorial/Paper2D/TutorialAssets/Paper2DSprite_TutorialIcon.uasset" 178
"../../../Engine/Content/Tutorial/SubEditors/TutorialAssets/icon_Editor_Preferences_General_40x.uasset" 179
"../../../Engine/Content/Tutorial/SubEditors/TutorialAssets/icon_ShowSkeletalMeshes_40x.uasset" 180
"../../../Engine/Content/Tutorial/SubEditors/TutorialAssets/TutorialMaterial.uasset" 181
"../../../Engine/Content/Tutorial/SubEditors/TutorialAssets/T_SmokeSubUV_8X8.uasset" 182
"../../../Engine/Content/Tutorial/SubEditors/TutorialAssets/T_soft_smoke.uasset" 183
"../../../Engine/Content/Tutorial/SubEditors/TutorialAssets/M_smoke_subUV_blackbody.uasset" 184
"../../../Engine/Content/Tutorial/SubEditors/TutorialAssets/TutorialParticleSystem.uasset" 185
"../../../Engine/Content/VREditor/Devices/Generic/GenericHMDMaterial.uasset" 186
"../../../Engine/Content/VREditor/Devices/Generic/GenericHMD.uasset" 187
"../../../Engine/Content/VREditor/FloatingText/LineMaterial.uasset" 188
"../../../Engine/Content/VREditor/FloatingText/JointSphere.uasset" 189
"../../../Engine/Content/VREditor/FloatingText/LineSegmentCylinder.uasset" 190
"../../../Engine/Content/VREditor/Fonts/VRText_RobotoLarge.uasset" 191
"../../../Engine/Content/VREditor/Fonts/VRTextMaterial.uasset" 192
"../../../Engine/Content/VREditor/Fonts/TranslucentVRTextMaterial.uasset" 193
"../../../Engine/Content/VREditor/LaserPointer/CursorPointer.uasset" 194
"../../../Engine/Content/VREditor/LaserPointer/VR_LaserPower_01.uasset" 195
"../../../Engine/Content/VREditor/TransformGizmo/TransformGizmoMaterial.uasset" 196
"../../../Engine/Content/VREditor/LaserPointer/HoverMaterial.uasset" 197
"../../../Engine/Content/VREditor/TransformGizmo/TranslucentTransformGizmoMaterial.uasset" 198
"../../../Engine/Content/VREditor/LaserPointer/TranslucentHoverMaterial.uasset" 199
"../../../Engine/Content/VREditor/LaserPointer/HoverMesh.uasset" 200
"../../../Engine/Content/VREditor/LaserPointer/LaserPointerMaterial.uasset" 201
"../../../Engine/Content/VREditor/LaserPointer/LaserPointerMaterialInst.uasset" 202
"../../../Engine/Content/VREditor/LaserPointer/TranslucentLaserPointerMaterialInst.uasset" 203
"../../../Engine/Content/VREditor/LaserPointer/LaserPointerMesh.uasset" 204
"../../../Engine/Content/VREditor/LaserPointer/LaserPointerMesh_End.uasset" 205
"../../../Engine/Content/VREditor/LaserPointer/LaserPointerMesh_Start.uasset" 206
"../../../Engine/Content/Functions/Engine_MaterialFunctions02/Utility/BreakOutFloat3Components.uasset" 207
"../../../Engine/Content/Functions/Engine_MaterialFunctions02/Math/Transform3x3Matrix.uasset" 208
"../../../Engine/Content/Functions/Engine_MaterialFunctions02/SplitComponents.uasset" 209
"../../../Engine/Content/Functions/Engine_MaterialFunctions02/Utility/MakeFloat3.uasset" 210
"../../../Engine/Content/VREditor/SnapGrid/SnapGridMaterial.uasset" 211
"../../../Engine/Content/VREditor/SnapGrid/SnapGridPlaneMesh.uasset" 212
"../../../Engine/Content/VREditor/Sounds/VR_teleport.uasset" 213
"../../../Engine/Content/VREditor/Sounds/UI/Click_on_Button_Cue.uasset" 214
"../../../Engine/Content/VREditor/Sounds/UI/Dockable_Window_Close.uasset" 215
"../../../Engine/Content/VREditor/Sounds/UI/Dockable_Window_Drop.uasset" 216
"../../../Engine/Content/VREditor/Sounds/UI/Dockable_Window_Open.uasset" 217
"../../../Engine/Content/VREditor/Sounds/UI/Dockable_Window_Pick_Up.uasset" 218
"../../../Engine/Content/VREditor/Sounds/UI/Drop_Item_From_ContentBrowser.uasset" 219
"../../../Engine/Content/VREditor/Sounds/UI/Floating_UI_Open-001.uasset" 220
"../../../Engine/Content/VREditor/Sounds/UI/Gizmo_Handle_Clicked.uasset" 221
"../../../Engine/Content/VREditor/Sounds/UI/Object_PickUp.uasset" 222
"../../../Engine/Content/VREditor/Sounds/UI/Object_Snaps_To_Another_Actor.uasset" 223
"../../../Engine/Content/VREditor/Sounds/UI/Object_Snaps_To_Grid.uasset" 224
"../../../Engine/Content/VREditor/Sounds/UI/Radial_Menu_FadeOut.uasset" 225
"../../../Engine/Content/VREditor/Sounds/UI/Scaling_Down.uasset" 226
"../../../Engine/Content/VREditor/Sounds/UI/Scaling_Up.uasset" 227
"../../../Engine/Content/VREditor/Sounds/UI/Selection_Changes.uasset" 228
"../../../Engine/Content/VREditor/Sounds/UI/Teleport_Mode_Entered.uasset" 229
"../../../Engine/Content/VREditor/Teleport/TeleportDirectionMaterial.uasset" 230
"../../../Engine/Content/VREditor/Teleport/TeleportDirectionMaterial_Inst.uasset" 231
"../../../Engine/Content/VREditor/Teleport/TeleportDirectionMesh.uasset" 232
"../../../Engine/Content/VREditor/TransformGizmo/BoundingBoxCorner.uasset" 233
"../../../Engine/Content/VREditor/TransformGizmo/BoundingBoxEdge.uasset" 234
"../../../Engine/Content/VREditor/TransformGizmo/PlaneTranslationHandle.uasset" 235
"../../../Engine/Content/VREditor/TransformGizmo/RotationHandleFull.uasset" 236
"../../../Engine/Content/VREditor/TransformGizmo/RotationHandleIndicator.uasset" 237
"../../../Engine/Content/VREditor/TransformGizmo/RotationHandleQuarter.uasset" 238
"../../../Engine/Content/VREditor/TransformGizmo/Main.uasset" 239
"../../../Engine/Content/VREditor/TransformGizmo/Xray.uasset" 240
"../../../Engine/Content/VREditor/TransformGizmo/SM_Dialog_Close.uasset" 241
"../../../Engine/Content/VREditor/TransformGizmo/SM_Dialog_Move.uasset" 242
"../../../Engine/Content/VREditor/TransformGizmo/SM_Sequencer_Key.uasset" 243
"../../../Engine/Content/VREditor/TransformGizmo/SM_Sequencer_Node.uasset" 244
"../../../Engine/Content/VREditor/TransformGizmo/StartRotationHandleIndicator.uasset" 245
"../../../Engine/Content/VREditor/TransformGizmo/TranslucentTransformGizmoMaterial_Inst.uasset" 246
"../../../Engine/Content/VREditor/TransformGizmo/TransformGizmoFreeRotation.uasset" 247
"../../../Engine/Content/VREditor/TransformGizmo/TransformGizmoMaterial_Inst.uasset" 248
"../../../Engine/Content/VREditor/TransformGizmo/TranslateArrowHandle.uasset" 249
"../../../Engine/Content/VREditor/TransformGizmo/UniformScaleHandle.uasset" 250
"../../../Engine/Content/VREditor/UI/KeyDiskMaterial.uasset" 251
"../../../Engine/Content/VREditor/UI/DiscMaterial.uasset" 252
"../../../Engine/Content/VREditor/UI/SM_Radial_Disk.uasset" 253
"../../../Engine/Content/Functions/Engine_MaterialFunctions01/Gradient/RadialGradient.uasset" 254
"../../../Engine/Content/VREditor/WorldMovementGrid/SimpleGrid.uasset" 255
"../../../Engine/Content/VREditor/WorldMovementGrid/GridMaterial.uasset" 256
"../../../Engine/Content/Functions/Engine_MaterialFunctions01/Density/ExponentialDensity.uasset" 257
"../../../Engine/Content/VREditor/WorldMovementGrid/GridPostProcess.uasset" 258
"../../../Engine/Content/EditorLandscapeResources/FlattenHeightMat.uasset" 259
"../../../Engine/Content/VREditor/WorldMovementGrid/PlaneMesh.uasset" 260
"../../../Engine/Plugins/2D/Paper2D/Content/PlaceholderTextures/DummySpriteTexture.uasset" 261
"../../../Engine/Plugins/2D/Paper2D/Content/DummySprite.uasset" 262
"../../../Engine/Plugins/2D/Paper2D/Content/DefaultPaperTerrainMaterial.uasset" 263
"../../../Engine/Plugins/2D/Paper2D/Content/MaskedUnlitSpriteMaterial.uasset" 264
"../../../Engine/Plugins/2D/Paper2D/Content/OpaqueUnlitSpriteMaterial.uasset" 265
"../../../Engine/Plugins/Media/MediaCompositing/Content/DefaultMediaPlaneMaterial.uasset" 266
"../../../Engine/Content/Functions/Engine_MaterialFunctions02/Utility/MakeFloat4.uasset" 267
"../../../Engine/Plugins/Runtime/AppleARKit/Content/ARKitCameraMaterial.uasset" 268
"../../../Engine/Plugins/Runtime/Oculus/OculusVR/Content/Textures/GearVRController_AO.uasset" 269
"../../../Engine/Plugins/Runtime/Oculus/OculusVR/Content/Textures/GearVRController_Color.uasset" 270
"../../../Engine/Plugins/Runtime/Oculus/OculusVR/Content/Textures/GearVRController_Normal.uasset" 271
"../../../Engine/Plugins/Runtime/Oculus/OculusVR/Content/Materials/GearVRControllerMaterial.uasset" 272
"../../../Engine/Plugins/Runtime/Oculus/OculusVR/Content/Meshes/GearVrController.uasset" 273
"../../../CJJsMonster/Content/2DSideScrollerBP/Maps/2DSideScrollerExampleMap_BuiltData.uasset" 274
"../../../Engine/Content/MapTemplates/Bokeh_5Sides.uasset" 275
"../../../Engine/Content/MapTemplates/T_ScreenDirt02_w.uasset" 276
"../../../CJJsMonster/Content/2DSideScrollerBP/Maps/2DSideScrollerExampleMap.umap" 277
"../../../CJJsMonster/Content/2DSideScrollerBP/2DSideScrollerGameMode.uasset" 278
"../../../CJJsMonster/Content/2DSideScrollerBP/Art/ENV/Platforms/Horizontal3Candy.uasset" 279
"../../../CJJsMonster/Content/2DSideScrollerBP/Blueprints/Platforms/Horizontal/Horizontal3CandyBP.uasset" 280
"../../../CJJsMonster/Content/2DSideScrollerBP/Art/ENV/Platforms/HorizontalRamp.uasset" 281
"../../../CJJsMonster/Content/2DSideScrollerBP/Blueprints/Platforms/Horizontal/HorizontalRampBP.uasset" 282
"../../../CJJsMonster/Content/2DSideScrollerBP/Art/ENV/Platforms/horizontalWorm.uasset" 283
"../../../CJJsMonster/Content/2DSideScrollerBP/Blueprints/Platforms/Horizontal/HorizontalWormBP.uasset" 284
"../../../CJJsMonster/Content/2DSideScrollerBP/Art/ENV/Platforms/SingleCandy.uasset" 285
"../../../CJJsMonster/Content/2DSideScrollerBP/Blueprints/Platforms/Horizontal/SingleCandyBP.uasset" 286
"../../../CJJsMonster/Content/2DSideScrollerBP/Art/ENV/Platforms/Vertical7.uasset" 287
"../../../CJJsMonster/Content/2DSideScrollerBP/Blueprints/Platforms/Vertical/Vertical7BP.uasset" 288
"../../../CJJsMonster/Content/2DSideScrollerBP/Art/ENV/Platforms/VerticalL2.uasset" 289
"../../../CJJsMonster/Content/2DSideScrollerBP/Blueprints/Platforms/Vertical/VerticalL2BP.uasset" 290
"../../../CJJsMonster/Content/2DSideScrollerBP/Art/ENV/Platforms/VerticalMiddleT.uasset" 291
"../../../CJJsMonster/Content/2DSideScrollerBP/Blueprints/Platforms/Vertical/VerticalMiddleTBP.uasset" 292
"../../../CJJsMonster/Content/2DSideScrollerBP/Art/ENV/Platforms/verticalPeppermint_sprite.uasset" 293
"../../../CJJsMonster/Content/2DSideScrollerBP/Art/ENV/Platforms/verticalPeppermint.uasset" 294
"../../../CJJsMonster/Content/2DSideScrollerBP/Blueprints/Platforms/Vertical/VerticalPeppermintBP.uasset" 295
"../../../CJJsMonster/Content/2DSideScrollerBP/Cameras/PlayerFollowCamera.uasset" 296
"../../../CJJsMonster/Content/2DSideScrollerBP/Cameras/zoomedOutCamera.uasset" 297
"../../../CJJsMonster/Content/2DSideScrollerBP/Interactables/CheckPoints_Instruction/CheckPoint1.uasset" 298
"../../../CJJsMonster/Content/2DSideScrollerBP/UI/Recap.uasset" 299
"../../../CJJsMonster/Content/2DSideScrollerBP/Interactables/CheckPoints_Instruction/endOfLevel.uasset" 300
"../../../CJJsMonster/Content/2DSideScrollerBP/Interactables/CheckPoints_Instruction/Instruction.uasset" 301
"../../../CJJsMonster/Content/2DSideScrollerBP/Art/DoubleJump2.uasset" 302
"../../../CJJsMonster/Content/2DSideScrollerBP/Interactables/DoubleJump.uasset" 303
"../../../CJJsMonster/Content/2DSideScrollerBP/Interactables/Enemies/BPKillZone.uasset" 304
"../../../CJJsMonster/Content/2DSideScrollerBP/Art/Enemies/basic_enemy.uasset" 305
"../../../CJJsMonster/Content/2DSideScrollerBP/Art/Enemies/basic_enemy_Sprite_0.uasset" 306
"../../../CJJsMonster/Content/2DSideScrollerBP/Interactables/Enemies/Enemy.uasset" 307
"../../../CJJsMonster/Content/2DSideScrollerBP/Art/Enemies/basic_enemy_Sprite_1.uasset" 308
"../../../CJJsMonster/Content/2DSideScrollerBP/Interactables/Enemies/Enemy_2.uasset" 309
"../../../CJJsMonster/Content/2DSideScrollerBP/Art/Enemies/basic_enemy_Sprite_2.uasset" 310
"../../../CJJsMonster/Content/2DSideScrollerBP/Interactables/Enemies/Enemy_3.uasset" 311
"../../../CJJsMonster/Content/2DSideScrollerBP/Art/Enemies/basic_enemy_Sprite_3.uasset" 312
"../../../CJJsMonster/Content/2DSideScrollerBP/Interactables/Enemies/Enemy_4.uasset" 313
"../../../CJJsMonster/Content/2DSideScrollerBP/Interactables/Score.uasset" 314
"../../../CJJsMonster/Content/2DSideScrollerBP/Interactables/wall.uasset" 315
"../../../CJJsMonster/Content/2DSideScrollerBP/Art/ENV/Background/MouthPurple.uasset" 316
"../../../CJJsMonster/Content/2DSideScrollerBP/Art/ENV/Background/MouthPurple_Sprite.uasset" 317
"../../../CJJsMonster/Content/2DSideScrollerBP/Maps/Mouth.umap" 318
"../../../CJJsMonster/Content/2DSideScrollerBP/Maps/throat.umap" 319
"../../../Engine/Content/Maps/Entry.umap" 320
